# JRE version: OpenJDK Runtime Environment (8.0_76-b03) (build 1.8.0_76-release-b03)
# Java VM: OpenJDK 64-Bit Server VM (25.76-b03 mixed mode windows-amd64 compressed oops)
Heap:
 PSYoungGen      total 197632K, used 12434K [0x00000000e0000000, 0x00000000ee180000, 0x0000000100000000)
  eden space 193024K, 6% used [0x00000000e0000000,0x00000000e0c24bc8,0x00000000ebc80000)
  from space 4608K, 0% used [0x00000000ebc80000,0x00000000ebc80000,0x00000000ec100000)
  to   space 18944K, 0% used [0x00000000ecf00000,0x00000000ecf00000,0x00000000ee180000)
 ParOldGen       total 143872K, used 22849K [0x00000000a0000000, 0x00000000a8c80000, 0x00000000e0000000)
  object space 143872K, 15% used [0x00000000a0000000,0x00000000a1650630,0x00000000a8c80000)
 Metaspace       used 63201K, capacity 64916K, committed 66304K, reserved 1107968K
  class space    used 7832K, capacity 8158K, committed 8448K, reserved 1048576K
GC Heap History (10 events):
Event: 1505.234 GC heap before
{Heap before GC invocations=25 (full 6):
 PSYoungGen      total 209408K, used 183096K [0x00000000e0000000, 0x00000000ee200000, 0x0000000100000000)
  eden space 199680K, 90% used [0x00000000e0000000,0x00000000eb05e378,0x00000000ec300000)
  from space 9728K, 25% used [0x00000000ed880000,0x00000000edaf0000,0x00000000ee200000)
  to   space 15872K, 0% used [0x00000000ec300000,0x00000000ec300000,0x00000000ed280000)
 ParOldGen       total 143872K, used 32504K [0x00000000a0000000, 0x00000000a8c80000, 0x00000000e0000000)
  object space 143872K, 22% used [0x00000000a0000000,0x00000000a1fbe1e8,0x00000000a8c80000)
 Metaspace       used 63191K, capacity 65280K, committed 65408K, reserved 1105920K
  class space    used 7915K, capacity 8304K, committed 8320K, reserved 1048576K
Event: 1505.241 GC heap after
Heap after GC invocations=25 (full 6):
 PSYoungGen      total 215552K, used 1648K [0x00000000e0000000, 0x00000000ee200000, 0x0000000100000000)
  eden space 199680K, 0% used [0x00000000e0000000,0x00000000e0000000,0x00000000ec300000)
  from space 15872K, 10% used [0x00000000ec300000,0x00000000ec49c010,0x00000000ed280000)
  to   space 15872K, 0% used [0x00000000ed280000,0x00000000ed280000,0x00000000ee200000)
 ParOldGen       total 143872K, used 32512K [0x00000000a0000000, 0x00000000a8c80000, 0x00000000e0000000)
  object space 143872K, 22% used [0x00000000a0000000,0x00000000a1fc01e8,0x00000000a8c80000)
 Metaspace       used 63191K, capacity 65280K, committed 65408K, reserved 1105920K
  class space    used 7915K, capacity 8304K, committed 8320K, reserved 1048576K
}
Event: 1505.241 GC heap before
{Heap before GC invocations=26 (full 7):
 PSYoungGen      total 215552K, used 1648K [0x00000000e0000000, 0x00000000ee200000, 0x0000000100000000)
  eden space 199680K, 0% used [0x00000000e0000000,0x00000000e0000000,0x00000000ec300000)
  from space 15872K, 10% used [0x00000000ec300000,0x00000000ec49c010,0x00000000ed280000)
  to   space 15872K, 0% used [0x00000000ed280000,0x00000000ed280000,0x00000000ee200000)
 ParOldGen       total 143872K, used 32512K [0x00000000a0000000, 0x00000000a8c80000, 0x00000000e0000000)
  object space 143872K, 22% used [0x00000000a0000000,0x00000000a1fc01e8,0x00000000a8c80000)
 Metaspace       used 63191K, capacity 65280K, committed 65408K, reserved 1105920K
  class space    used 7915K, capacity 8304K, committed 8320K, reserved 1048576K
Event: 1505.587 GC heap after
Heap after GC invocations=26 (full 7):
 PSYoungGen      total 215552K, used 0K [0x00000000e0000000, 0x00000000ee200000, 0x0000000100000000)
  eden space 199680K, 0% used [0x00000000e0000000,0x00000000e0000000,0x00000000ec300000)
  from space 15872K, 0% used [0x00000000ec300000,0x00000000ec300000,0x00000000ed280000)
  to   space 15872K, 0% used [0x00000000ed280000,0x00000000ed280000,0x00000000ee200000)
 ParOldGen       total 143872K, used 33691K [0x00000000a0000000, 0x00000000a8c80000, 0x00000000e0000000)
  object space 143872K, 23% used [0x00000000a0000000,0x00000000a20e6d58,0x00000000a8c80000)
 Metaspace       used 63191K, capacity 65280K, committed 65408K, reserved 1105920K
  class space    used 7915K, capacity 8304K, committed 8320K, reserved 1048576K
}
Event: 3750.513 GC heap before
{Heap before GC invocations=27 (full 7):
 PSYoungGen      total 215552K, used 199680K [0x00000000e0000000, 0x00000000ee200000, 0x0000000100000000)
  eden space 199680K, 100% used [0x00000000e0000000,0x00000000ec300000,0x00000000ec300000)
  from space 15872K, 0% used [0x00000000ec300000,0x00000000ec300000,0x00000000ed280000)
  to   space 15872K, 0% used [0x00000000ed280000,0x00000000ed280000,0x00000000ee200000)
 ParOldGen       total 143872K, used 33691K [0x00000000a0000000, 0x00000000a8c80000, 0x00000000e0000000)
  object space 143872K, 23% used [0x00000000a0000000,0x00000000a20e6d58,0x00000000a8c80000)
 Metaspace       used 63721K, capacity 66064K, committed 66304K, reserved 1107968K
  class space    used 7955K, capacity 8394K, committed 8448K, reserved 1048576K
Event: 3750.555 GC heap after
Heap after GC invocations=27 (full 7):
 PSYoungGen      total 208896K, used 15861K [0x00000000e0000000, 0x00000000ee280000, 0x0000000100000000)
  eden space 193024K, 0% used [0x00000000e0000000,0x00000000e0000000,0x00000000ebc80000)
  from space 15872K, 99% used [0x00000000ed280000,0x00000000ee1fd640,0x00000000ee200000)
  to   space 19456K, 0% used [0x00000000ebc80000,0x00000000ebc80000,0x00000000ecf80000)
 ParOldGen       total 143872K, used 35735K [0x00000000a0000000, 0x00000000a8c80000, 0x00000000e0000000)
  object space 143872K, 24% used [0x00000000a0000000,0x00000000a22e5f38,0x00000000a8c80000)
 Metaspace       used 63721K, capacity 66064K, committed 66304K, reserved 1107968K
  class space    used 7955K, capacity 8394K, committed 8448K, reserved 1048576K
}
Event: 3750.927 GC heap before
{Heap before GC invocations=28 (full 7):
 PSYoungGen      total 208896K, used 38486K [0x00000000e0000000, 0x00000000ee280000, 0x0000000100000000)
  eden space 193024K, 11% used [0x00000000e0000000,0x00000000e1618308,0x00000000ebc80000)
  from space 15872K, 99% used [0x00000000ed280000,0x00000000ee1fd640,0x00000000ee200000)
  to   space 19456K, 0% used [0x00000000ebc80000,0x00000000ebc80000,0x00000000ecf80000)
 ParOldGen       total 143872K, used 35735K [0x00000000a0000000, 0x00000000a8c80000, 0x00000000e0000000)
  object space 143872K, 24% used [0x00000000a0000000,0x00000000a22e5f38,0x00000000a8c80000)
 Metaspace       used 63766K, capacity 66128K, committed 66304K, reserved 1107968K
  class space    used 7955K, capacity 8394K, committed 8448K, reserved 1048576K
Event: 3750.934 GC heap after
Heap after GC invocations=28 (full 7):
 PSYoungGen      total 197632K, used 4173K [0x00000000e0000000, 0x00000000ee180000, 0x0000000100000000)
  eden space 193024K, 0% used [0x00000000e0000000,0x00000000e0000000,0x00000000ebc80000)
  from space 4608K, 90% used [0x00000000ebc80000,0x00000000ec093528,0x00000000ec100000)
  to   space 18944K, 0% used [0x00000000ecf00000,0x00000000ecf00000,0x00000000ee180000)
 ParOldGen       total 143872K, used 35743K [0x00000000a0000000, 0x00000000a8c80000, 0x00000000e0000000)
  object space 143872K, 24% used [0x00000000a0000000,0x00000000a22e7f38,0x00000000a8c80000)
 Metaspace       used 63766K, capacity 66128K, committed 66304K, reserved 1107968K
  class space    used 7955K, capacity 8394K, committed 8448K, reserved 1048576K
}
Event: 3750.934 GC heap before
{Heap before GC invocations=29 (full 8):
 PSYoungGen      total 197632K, used 4173K [0x00000000e0000000, 0x00000000ee180000, 0x0000000100000000)
  eden space 193024K, 0% used [0x00000000e0000000,0x00000000e0000000,0x00000000ebc80000)
  from space 4608K, 90% used [0x00000000ebc80000,0x00000000ec093528,0x00000000ec100000)
  to   space 18944K, 0% used [0x00000000ecf00000,0x00000000ecf00000,0x00000000ee180000)
 ParOldGen       total 143872K, used 35743K [0x00000000a0000000, 0x00000000a8c80000, 0x00000000e0000000)
  object space 143872K, 24% used [0x00000000a0000000,0x00000000a22e7f38,0x00000000a8c80000)
 Metaspace       used 63766K, capacity 66128K, committed 66304K, reserved 1107968K
  class space    used 7955K, capacity 8394K, committed 8448K, reserved 1048576K
Event: 3751.173 GC heap after
Heap after GC invocations=29 (full 8):
 PSYoungGen      total 197632K, used 0K [0x00000000e0000000, 0x00000000ee180000, 0x0000000100000000)
  eden space 193024K, 0% used [0x00000000e0000000,0x00000000e0000000,0x00000000ebc80000)
  from space 4608K, 0% used [0x00000000ebc80000,0x00000000ebc80000,0x00000000ec100000)
  to   space 18944K, 0% used [0x00000000ecf00000,0x00000000ecf00000,0x00000000ee180000)
 ParOldGen       total 143872K, used 22849K [0x00000000a0000000, 0x00000000a8c80000, 0x00000000e0000000)
  object space 143872K, 15% used [0x00000000a0000000,0x00000000a1650630,0x00000000a8c80000)
 Metaspace       used 62986K, capacity 64524K, committed 66304K, reserved 1107968K
  class space    used 7807K, capacity 8112K, committed 8448K, reserved 1048576K
}

